2012-05-03 14:46:55,755 - [INFO] - from play in main 
Listening for HTTP on port 9000...

2012-05-03 14:47:00,607 - [INFO] - from play in play-akka.actor.default-dispatcher-3 
database [default] connected at jdbc:h2:mem:play

2012-05-03 14:47:00,845 - [ERROR] - from application in New I/O server worker #1-1 


! @6a8p0kio4 - Internal server error, for request [GET /mycollection] ->

play.api.db.evolutions.InvalidDatabaseRevision: Database 'default' needs evolution! [An SQL script need to be run on your database.]
	at play.api.db.evolutions.EvolutionsPlugin$$anonfun$onStart$1.apply(Evolutions.scala:424) ~[play_2.9.1.jar:2.0.1]
	at play.api.db.evolutions.EvolutionsPlugin$$anonfun$onStart$1.apply(Evolutions.scala:410) ~[play_2.9.1.jar:2.0.1]
	at scala.collection.LinearSeqOptimized$class.foreach(LinearSeqOptimized.scala:59) ~[scala-library.jar:0.11.2]
	at scala.collection.immutable.List.foreach(List.scala:45) ~[scala-library.jar:0.11.2]
	at play.api.db.evolutions.EvolutionsPlugin.onStart(Evolutions.scala:410) ~[play_2.9.1.jar:2.0.1]
	at play.api.Play$$anonfun$start$1.apply(Play.scala:60) ~[play_2.9.1.jar:2.0.1]
	at play.api.Play$$anonfun$start$1.apply(Play.scala:60) ~[play_2.9.1.jar:2.0.1]
	at scala.collection.LinearSeqOptimized$class.foreach(LinearSeqOptimized.scala:59) ~[scala-library.jar:0.11.2]
	at scala.collection.immutable.List.foreach(List.scala:45) ~[scala-library.jar:0.11.2]
	at play.api.Play$.start(Play.scala:60) ~[play_2.9.1.jar:2.0.1]
	at play.core.ReloadableApplication$$anonfun$get$1$$anonfun$apply$3$$anonfun$1.apply(ApplicationProvider.scala:125) ~[play_2.9.1.jar:2.0.1]
	at play.core.ReloadableApplication$$anonfun$get$1$$anonfun$apply$3$$anonfun$1.apply(ApplicationProvider.scala:112) ~[play_2.9.1.jar:2.0.1]
	at scala.Option.map(Option.scala:133) ~[scala-library.jar:0.11.2]
	at play.core.ReloadableApplication$$anonfun$get$1$$anonfun$apply$3.apply(ApplicationProvider.scala:112) ~[play_2.9.1.jar:2.0.1]
	at play.core.ReloadableApplication$$anonfun$get$1$$anonfun$apply$3.apply(ApplicationProvider.scala:110) ~[play_2.9.1.jar:2.0.1]
	at scala.Either$RightProjection.flatMap(Either.scala:277) ~[scala-library.jar:0.11.2]
	at play.core.ReloadableApplication$$anonfun$get$1.apply(ApplicationProvider.scala:110) ~[play_2.9.1.jar:2.0.1]
	at play.core.ReloadableApplication$$anonfun$get$1.apply(ApplicationProvider.scala:110) ~[play_2.9.1.jar:2.0.1]
	at akka.dispatch.Future$$anon$3.liftedTree1$1(Future.scala:195) ~[akka-actor.jar:2.0.1]
	at akka.dispatch.Future$$anon$3.run(Future.scala:194) ~[akka-actor.jar:2.0.1]
	at akka.dispatch.TaskInvocation.run(AbstractDispatcher.scala:83) ~[akka-actor.jar:2.0.1]
	at akka.jsr166y.ForkJoinTask$AdaptedRunnableAction.exec(ForkJoinTask.java:1381) ~[akka-actor.jar:2.0.1]
	at akka.jsr166y.ForkJoinTask.doExec(ForkJoinTask.java:259) ~[akka-actor.jar:2.0.1]
	at akka.jsr166y.ForkJoinPool$WorkQueue.runTask(ForkJoinPool.java:974) ~[akka-actor.jar:2.0.1]
	at akka.jsr166y.ForkJoinPool.runWorker(ForkJoinPool.java:1478) ~[akka-actor.jar:2.0.1]
	at akka.jsr166y.ForkJoinWorkerThread.run(ForkJoinWorkerThread.java:104) ~[akka-actor.jar:2.0.1]

2012-05-03 14:47:05,070 - [WARN] - from play in New I/O server worker #1-1 
Applying evolution script for database 'default':

# --- Rev:1,Ups - dae1bea
set ignorecase true;

drop table if exists company;

drop table if exists item;

drop table if exists users;

drop table if exists item_owner;

create table company (
id                        bigint not null,
name                      varchar(255) not null,
constraint pk_company primary key (id))
;

create table item (
id                        bigint not null,
name                      varchar(255) not null,
image                     text not null,
url                       text not null,
itemtype                  varchar(255) not null,
introduced                timestamp,
company_id                bigint,
constraint pk_item primary key (id))
;

create table user (
email                      varchar(255) not null,
password                     text not null,
name                       text not null,

constraint pk_user primary key (email))
;

create table item_owner (
item_id   bigint not null,
user_email    varchar(255) not null,
foreign key(item_id)   references item(id) on delete cascade,
foreign key(user_email)   references user(email) on delete cascade
);


create table image (
id    bigint not null,
name  	varchar(1024) not null,
image  	varchar(255) not null,
url  	varchar(2048) not null,
item_id   bigint not null,
user_email    varchar(255) not null,
foreign key(item_id)   references item(id) on delete cascade,
foreign key(user_email)   references user(email) on delete cascade

);


create sequence company_seq start with 1000;

create sequence item_seq start with 1000;

create sequence image_seq start with 1000;


alter table item add constraint fk_item_company_1 foreign key (company_id) references company (id) on delete restrict on update restrict;
create index ix_item_company_1 on item (company_id);

# --- Rev:2,Ups - e3ab2f3
delete from item;
delete from company;
delete from user;


INSERT INTO user (email, password, name)
VALUES ('cb@test.de','test','ceebeee');

insert INTO  company (
id,
name)
VALUES (1,'Chanel');



INSERT INTO item (id,name ,image,url,itemtype,company_id) VALUES (1,'Le Vernis 539','/assets/images/P128000_MEDIUM.jpg','','Nail',1);
INSERT INTO item (id,name ,image,url,itemtype,company_id) VALUES (2,'Le Vernis 549','/assets/images/P148457_MEDIUM.jpg','','Nail',1);
INSERT INTO item (id,name ,image,url,itemtype,company_id) VALUES (3,'Le Vernis 469','/assets/images/P158170_MEDIUM.jpg','','Nail',1);
INSERT INTO item (id,name ,image,url,itemtype,company_id) VALUES (4,'Beaute de Frommage','/assets/images/P158310_MEDIUM.jpg','','Nail',1);
INSERT INTO item (id,name ,image,url,itemtype,company_id) VALUES (5,'Le Vernis 134','/assets/images/P158320_MEDIUM.jpg','','Nail',1);


2012-05-03 14:47:10,326 - [INFO] - from play in play-akka.actor.default-dispatcher-1 
database [default] connected at jdbc:h2:mem:play

2012-05-03 14:47:10,355 - [INFO] - from play in play-akka.actor.default-dispatcher-1 
Application started (Dev)

2012-05-03 14:48:47,204 - [INFO] - from play in play-akka.actor.default-dispatcher-2 
database [default] connected at jdbc:h2:mem:play

2012-05-03 14:48:47,223 - [INFO] - from play in play-akka.actor.default-dispatcher-2 
Application started (Dev)

